<?xml version="1.0" encoding="UTF-8"?>
<!-- Generated by org.testng.reporters.JUnitReportReporter -->
<testsuite hostname="IN-IT7687" failures="0" tests="3" name="frameworkTests.MoneyWithdrawTest" time="4.746" errors="0" timestamp="2023-02-20T16:18:39 IST" skipped="0">
  <testcase classname="frameworkTests.MoneyWithdrawTest" name="Verify_WithdrawTest_Withdraw_From_Invalid_Account" time="1.592"/>
  <testcase classname="frameworkTests.MoneyWithdrawTest" name="Verify_WithdrawTest_Withdraw_Valid_Amount_From_Valid_Account" time="1.561"/>
  <testcase classname="frameworkTests.MoneyWithdrawTest" name="Verify_WithdrawTest_Withdraw_Invalid_Amount_From_Valid_Account" time="1.593"/>
</testsuite> <!-- frameworkTests.MoneyWithdrawTest -->
