<?xml version="1.0" encoding="UTF-8"?>
<!-- Generated by org.testng.reporters.JUnitReportReporter -->
<testsuite hostname="IN-IT7687" failures="0" tests="3" name="frameworkTests.TransferMoneyTest" time="4.423" errors="0" timestamp="2023-02-20T16:18:39 IST" skipped="0">
  <testcase classname="frameworkTests.TransferMoneyTest" name="Verify_TransferAmountTest_Send_Money_To_Valid_Account" time="1.415"/>
  <testcase classname="frameworkTests.TransferMoneyTest" name="Verify_TransferAmountTest_Send_Invalid_Amount" time="1.554"/>
  <testcase classname="frameworkTests.TransferMoneyTest" name="Verify_TransferAmountTest_Send_Money_To_Invalid_Account" time="1.454"/>
</testsuite> <!-- frameworkTests.TransferMoneyTest -->
