<?xml version="1.0" encoding="UTF-8"?>
<!-- Generated by org.testng.reporters.JUnitReportReporter -->
<testsuite hostname="IN-IT7687" failures="0" tests="2" name="frameworkTests.UserCreationTest" time="5.024" errors="0" timestamp="2023-02-20T16:18:39 IST" skipped="0">
  <testcase classname="frameworkTests.UserCreationTest" name="Verify_UserCreationTest_With_Valid_User_Data" time="3.569"/>
  <testcase classname="frameworkTests.UserCreationTest" name="Verify_UserCreationTest_With_Multiple_Invalid_Payload_Format" time="1.455"/>
</testsuite> <!-- frameworkTests.UserCreationTest -->
