<?xml version="1.0" encoding="UTF-8"?>
<!-- Generated by org.testng.reporters.JUnitReportReporter -->
<testsuite hostname="IN-IT7687" failures="0" tests="3" name="frameworkTests.DepositAmountTest" time="4.721" errors="0" timestamp="2023-02-20T16:18:39 IST" skipped="0">
  <testcase classname="frameworkTests.DepositAmountTest" name="Verify_DepositTest_Add_Amount_to_Valid_Account" time="1.569"/>
  <testcase classname="frameworkTests.DepositAmountTest" name="Verify_DepositTest_Add_Invalid_Amount" time="1.542"/>
  <testcase classname="frameworkTests.DepositAmountTest" name="Verify_DepositTest_Add_Amount_to_InValid_Account" time="1.610"/>
</testsuite> <!-- frameworkTests.DepositAmountTest -->
