<?xml version="1.0" encoding="UTF-8"?>
<!-- Generated by org.testng.reporters.JUnitReportReporter -->
<testsuite hostname="IN-IT7687" failures="0" tests="4" name="frameworkTests.GetAccountDetailsTest" time="8.864" errors="0" timestamp="2023-02-20T16:18:39 IST" skipped="0">
  <testcase classname="frameworkTests.GetAccountDetailsTest" name="Verify_GetUserDetailsTest_For_Specific_Users_With_Valid_Account_Name_And_Number" time="1.788"/>
  <testcase classname="frameworkTests.GetAccountDetailsTest" name="Verify_GetUserDetailsTest_For_Specific_Users_With_Empty_Account_Number" time="1.825"/>
  <testcase classname="frameworkTests.GetAccountDetailsTest" name="Verify_GetUserDetailsTest_For_All_Users" time="3.573"/>
  <testcase classname="frameworkTests.GetAccountDetailsTest" name="Verify_GetUserDetailsTest_For_Specific_Users_With_Valid_Account_Number" time="1.678"/>
</testsuite> <!-- frameworkTests.GetAccountDetailsTest -->
